<?xml version="1.0" encoding="UTF-8"?>
<testsuite name="CategoryTest" tests="5" skipped="0" failures="0" errors="0" timestamp="2016-04-28T16:24:51" hostname="epicodus-92.local" time="0.0">
  <properties/>
  <testcase name="category_instantiatesCorrectly_true" classname="CategoryTest" time="0.0"/>
  <testcase name="all_returnsAllInstancesOfCategory_true" classname="CategoryTest" time="0.0"/>
  <testcase name="getName_categoryInstatiatesWithName_Home" classname="CategoryTest" time="0.0"/>
  <testcase name="getId_categoriesInstantiateWithAnId_1" classname="CategoryTest" time="0.0"/>
  <testcase name="clear_emptiesALlCategoriesFromList_0" classname="CategoryTest" time="0.0"/>
  <system-out><![CDATA[]]></system-out>
  <system-err><![CDATA[]]></system-err>
</testsuite>
